This is pdfTeX, Version 3.14159265-2.6-1.40.16 (TeX Live 2015/Debian) (preloaded format=pdflatex 2017.6.5)  28 JUL 2017 10:17
entering extended mode
 restricted \write18 enabled.
 Source specials enabled.
 %&-line parsing enabled.
**/home/clruch/Publications/trb18paper/_latexfiles/unsortbibs/example.tex
(/home/clruch/Publications/trb18paper/_latexfiles/unsortbibs/example.tex
LaTeX2e <2016/02/01>
Babel <3.9q> and hyphenation patterns for 81 language(s) loaded.
(/usr/share/texlive/texmf-dist/tex/latex/base/article.cls
Document Class: article 2014/09/29 v1.4h Standard LaTeX document class
(/usr/share/texlive/texmf-dist/tex/latex/base/size12.clo
File: size12.clo 2014/09/29 v1.4h Standard LaTeX file (size option)
)
\c@part=\count79
\c@section=\count80
\c@subsection=\count81
\c@subsubsection=\count82
\c@paragraph=\count83
\c@subparagraph=\count84
\c@figure=\count85
\c@table=\count86
\abovecaptionskip=\skip41
\belowcaptionskip=\skip42
\bibindent=\dimen102
) (/usr/share/texlive/texmf-dist/tex/latex/geometry/geometry.sty
Package: geometry 2010/09/12 v5.6 Page Geometry
(/usr/share/texlive/texmf-dist/tex/latex/graphics/keyval.sty
Package: keyval 2014/10/28 v1.15 key=value parser (DPC)
\KV@toks@=\toks14
) (/usr/share/texlive/texmf-dist/tex/generic/oberdiek/ifpdf.sty
Package: ifpdf 2011/01/30 v2.3 Provides the ifpdf switch (HO)
Package ifpdf Info: pdfTeX in PDF mode is detected.
) (/usr/share/texlive/texmf-dist/tex/generic/oberdiek/ifvtex.sty
Package: ifvtex 2010/03/01 v1.5 Detect VTeX and its facilities (HO)
Package ifvtex Info: VTeX not detected.
) (/usr/share/texlive/texmf-dist/tex/generic/ifxetex/ifxetex.sty
Package: ifxetex 2010/09/12 v0.6 Provides ifxetex conditional
)
\Gm@cnth=\count87
\Gm@cntv=\count88
\c@Gm@tempcnt=\count89
\Gm@bindingoffset=\dimen103
\Gm@wd@mp=\dimen104
\Gm@odd@mp=\dimen105
\Gm@even@mp=\dimen106
\Gm@layoutwidth=\dimen107
\Gm@layoutheight=\dimen108
\Gm@layouthoffset=\dimen109
\Gm@layoutvoffset=\dimen110
\Gm@dimlist=\toks15
) (/usr/share/texlive/texmf-dist/tex/latex/base/ifthen.sty
Package: ifthen 2014/09/29 v1.1c Standard LaTeX ifthen package (DPC)
) (/usr/share/texlive/texmf-dist/tex/generic/babel/babel.sty
Package: babel 2016/02/24 3.9q The Babel package
(/usr/share/texlive/texmf-dist/tex/generic/babel-english/english.ldf
Language: english 2012/08/20 v3.3p English support from the babel system
(/usr/share/texlive/texmf-dist/tex/generic/babel/babel.def
File: babel.def 2016/02/24 3.9q Babel common definitions
\babel@savecnt=\count90
\U@D=\dimen111
)
\l@canadian = a dialect from \language\l@american 
\l@australian = a dialect from \language\l@british 
\l@newzealand = a dialect from \language\l@british 
) (/usr/share/texlive/texmf-dist/tex/generic/babel-german/german.ldf
Language: german 2014/10/10 v2.7b German support for babel (traditional orthogr
aphy)
(/usr/share/texlive/texmf-dist/tex/generic/babel-german/germanb.ldf
Language: germanb 2014/10/10 v2.7b German support for babel (traditional orthog
raphy)
\l@austrian = a dialect from \language\l@german 
Package babel Info: Making " an active character on input line 110.
))

Package babel Warning: Last declared language option is `english',
(babel)                but the last processed one was `german'.
(babel)                The main language cannot be set as both a global
(babel)                and a package option. Use `main=english' as
(babel)                option. Reported on input line 325.

) (/usr/share/texlive/texmf-dist/tex/latex/parskip/parskip.sty
Package: parskip 2001/04/09 non-zero parskip adjustments
) (/usr/share/texlive/texmf-dist/tex/latex/psnfss/times.sty
Package: times 2005/04/12 PSNFSS-v9.2a (SPQR) 
) (/usr/share/texlive/texmf-dist/tex/latex/base/inputenc.sty
Package: inputenc 2015/03/17 v1.2c Input encoding file
\inpenc@prehook=\toks16
\inpenc@posthook=\toks17
(/usr/share/texlive/texmf-dist/tex/latex/base/utf8.def
File: utf8.def 2015/12/03 v1.1r UTF-8 support for inputenc
Now handling font encoding OML ...
... no UTF-8 mapping file for font encoding OML
Now handling font encoding T1 ...
... processing UTF-8 mapping file for font encoding T1
(/usr/share/texlive/texmf-dist/tex/latex/base/t1enc.dfu
File: t1enc.dfu 2015/12/03 v1.1r UTF-8 support for inputenc
   defining Unicode char U+00A0 (decimal 160)
   defining Unicode char U+00A1 (decimal 161)
   defining Unicode char U+00A3 (decimal 163)
   defining Unicode char U+00AB (decimal 171)
   defining Unicode char U+00AD (decimal 173)
   defining Unicode char U+00BB (decimal 187)
   defining Unicode char U+00BF (decimal 191)
   defining Unicode char U+00C0 (decimal 192)
   defining Unicode char U+00C1 (decimal 193)
   defining Unicode char U+00C2 (decimal 194)
   defining Unicode char U+00C3 (decimal 195)
   defining Unicode char U+00C4 (decimal 196)
   defining Unicode char U+00C5 (decimal 197)
   defining Unicode char U+00C6 (decimal 198)
   defining Unicode char U+00C7 (decimal 199)
   defining Unicode char U+00C8 (decimal 200)
   defining Unicode char U+00C9 (decimal 201)
   defining Unicode char U+00CA (decimal 202)
   defining Unicode char U+00CB (decimal 203)
   defining Unicode char U+00CC (decimal 204)
   defining Unicode char U+00CD (decimal 205)
   defining Unicode char U+00CE (decimal 206)
   defining Unicode char U+00CF (decimal 207)
   defining Unicode char U+00D0 (decimal 208)
   defining Unicode char U+00D1 (decimal 209)
   defining Unicode char U+00D2 (decimal 210)
   defining Unicode char U+00D3 (decimal 211)
   defining Unicode char U+00D4 (decimal 212)
   defining Unicode char U+00D5 (decimal 213)
   defining Unicode char U+00D6 (decimal 214)
   defining Unicode char U+00D8 (decimal 216)
   defining Unicode char U+00D9 (decimal 217)
   defining Unicode char U+00DA (decimal 218)
   defining Unicode char U+00DB (decimal 219)
   defining Unicode char U+00DC (decimal 220)
   defining Unicode char U+00DD (decimal 221)
   defining Unicode char U+00DE (decimal 222)
   defining Unicode char U+00DF (decimal 223)
   defining Unicode char U+00E0 (decimal 224)
   defining Unicode char U+00E1 (decimal 225)
   defining Unicode char U+00E2 (decimal 226)
   defining Unicode char U+00E3 (decimal 227)
   defining Unicode char U+00E4 (decimal 228)
   defining Unicode char U+00E5 (decimal 229)
   defining Unicode char U+00E6 (decimal 230)
   defining Unicode char U+00E7 (decimal 231)
   defining Unicode char U+00E8 (decimal 232)
   defining Unicode char U+00E9 (decimal 233)
   defining Unicode char U+00EA (decimal 234)
   defining Unicode char U+00EB (decimal 235)
   defining Unicode char U+00EC (decimal 236)
   defining Unicode char U+00ED (decimal 237)
   defining Unicode char U+00EE (decimal 238)
   defining Unicode char U+00EF (decimal 239)
   defining Unicode char U+00F0 (decimal 240)
   defining Unicode char U+00F1 (decimal 241)
   defining Unicode char U+00F2 (decimal 242)
   defining Unicode char U+00F3 (decimal 243)
   defining Unicode char U+00F4 (decimal 244)
   defining Unicode char U+00F5 (decimal 245)
   defining Unicode char U+00F6 (decimal 246)
   defining Unicode char U+00F8 (decimal 248)
   defining Unicode char U+00F9 (decimal 249)
   defining Unicode char U+00FA (decimal 250)
   defining Unicode char U+00FB (decimal 251)
   defining Unicode char U+00FC (decimal 252)
   defining Unicode char U+00FD (decimal 253)
   defining Unicode char U+00FE (decimal 254)
   defining Unicode char U+00FF (decimal 255)
   defining Unicode char U+0100 (decimal 256)
   defining Unicode char U+0101 (decimal 257)
   defining Unicode char U+0102 (decimal 258)
   defining Unicode char U+0103 (decimal 259)
   defining Unicode char U+0104 (decimal 260)
   defining Unicode char U+0105 (decimal 261)
   defining Unicode char U+0106 (decimal 262)
   defining Unicode char U+0107 (decimal 263)
   defining Unicode char U+0108 (decimal 264)
   defining Unicode char U+0109 (decimal 265)
   defining Unicode char U+010A (decimal 266)
   defining Unicode char U+010B (decimal 267)
   defining Unicode char U+010C (decimal 268)
   defining Unicode char U+010D (decimal 269)
   defining Unicode char U+010E (decimal 270)
   defining Unicode char U+010F (decimal 271)
   defining Unicode char U+0110 (decimal 272)
   defining Unicode char U+0111 (decimal 273)
   defining Unicode char U+0112 (decimal 274)
   defining Unicode char U+0113 (decimal 275)
   defining Unicode char U+0114 (decimal 276)
   defining Unicode char U+0115 (decimal 277)
   defining Unicode char U+0116 (decimal 278)
   defining Unicode char U+0117 (decimal 279)
   defining Unicode char U+0118 (decimal 280)
   defining Unicode char U+0119 (decimal 281)
   defining Unicode char U+011A (decimal 282)
   defining Unicode char U+011B (decimal 283)
   defining Unicode char U+011C (decimal 284)
   defining Unicode char U+011D (decimal 285)
   defining Unicode char U+011E (decimal 286)
   defining Unicode char U+011F (decimal 287)
   defining Unicode char U+0120 (decimal 288)
   defining Unicode char U+0121 (decimal 289)
   defining Unicode char U+0122 (decimal 290)
   defining Unicode char U+0123 (decimal 291)
   defining Unicode char U+0124 (decimal 292)
   defining Unicode char U+0125 (decimal 293)
   defining Unicode char U+0128 (decimal 296)
   defining Unicode char U+0129 (decimal 297)
   defining Unicode char U+012A (decimal 298)
   defining Unicode char U+012B (decimal 299)
   defining Unicode char U+012C (decimal 300)
   defining Unicode char U+012D (decimal 301)
   defining Unicode char U+012E (decimal 302)
   defining Unicode char U+012F (decimal 303)
   defining Unicode char U+0130 (decimal 304)
   defining Unicode char U+0131 (decimal 305)
   defining Unicode char U+0132 (decimal 306)
   defining Unicode char U+0133 (decimal 307)
   defining Unicode char U+0134 (decimal 308)
   defining Unicode char U+0135 (decimal 309)
   defining Unicode char U+0136 (decimal 310)
   defining Unicode char U+0137 (decimal 311)
   defining Unicode char U+0139 (decimal 313)
   defining Unicode char U+013A (decimal 314)
   defining Unicode char U+013B (decimal 315)
   defining Unicode char U+013C (decimal 316)
   defining Unicode char U+013D (decimal 317)
   defining Unicode char U+013E (decimal 318)
   defining Unicode char U+0141 (decimal 321)
   defining Unicode char U+0142 (decimal 322)
   defining Unicode char U+0143 (decimal 323)
   defining Unicode char U+0144 (decimal 324)
   defining Unicode char U+0145 (decimal 325)
   defining Unicode char U+0146 (decimal 326)
   defining Unicode char U+0147 (decimal 327)
   defining Unicode char U+0148 (decimal 328)
   defining Unicode char U+014A (decimal 330)
   defining Unicode char U+014B (decimal 331)
   defining Unicode char U+014C (decimal 332)
   defining Unicode char U+014D (decimal 333)
   defining Unicode char U+014E (decimal 334)
   defining Unicode char U+014F (decimal 335)
   defining Unicode char U+0150 (decimal 336)
   defining Unicode char U+0151 (decimal 337)
   defining Unicode char U+0152 (decimal 338)
   defining Unicode char U+0153 (decimal 339)
   defining Unicode char U+0154 (decimal 340)
   defining Unicode char U+0155 (decimal 341)
   defining Unicode char U+0156 (decimal 342)
   defining Unicode char U+0157 (decimal 343)
   defining Unicode char U+0158 (decimal 344)
   defining Unicode char U+0159 (decimal 345)
   defining Unicode char U+015A (decimal 346)
   defining Unicode char U+015B (decimal 347)
   defining Unicode char U+015C (decimal 348)
   defining Unicode char U+015D (decimal 349)
   defining Unicode char U+015E (decimal 350)
   defining Unicode char U+015F (decimal 351)
   defining Unicode char U+0160 (decimal 352)
   defining Unicode char U+0161 (decimal 353)
   defining Unicode char U+0162 (decimal 354)
   defining Unicode char U+0163 (decimal 355)
   defining Unicode char U+0164 (decimal 356)
   defining Unicode char U+0165 (decimal 357)
   defining Unicode char U+0168 (decimal 360)
   defining Unicode char U+0169 (decimal 361)
   defining Unicode char U+016A (decimal 362)
   defining Unicode char U+016B (decimal 363)
   defining Unicode char U+016C (decimal 364)
   defining Unicode char U+016D (decimal 365)
   defining Unicode char U+016E (decimal 366)
   defining Unicode char U+016F (decimal 367)
   defining Unicode char U+0170 (decimal 368)
   defining Unicode char U+0171 (decimal 369)
   defining Unicode char U+0172 (decimal 370)
   defining Unicode char U+0173 (decimal 371)
   defining Unicode char U+0174 (decimal 372)
   defining Unicode char U+0175 (decimal 373)
   defining Unicode char U+0176 (decimal 374)
   defining Unicode char U+0177 (decimal 375)
   defining Unicode char U+0178 (decimal 376)
   defining Unicode char U+0179 (decimal 377)
   defining Unicode char U+017A (decimal 378)
   defining Unicode char U+017B (decimal 379)
   defining Unicode char U+017C (decimal 380)
   defining Unicode char U+017D (decimal 381)
   defining Unicode char U+017E (decimal 382)
   defining Unicode char U+01CD (decimal 461)
   defining Unicode char U+01CE (decimal 462)
   defining Unicode char U+01CF (decimal 463)
   defining Unicode char U+01D0 (decimal 464)
   defining Unicode char U+01D1 (decimal 465)
   defining Unicode char U+01D2 (decimal 466)
   defining Unicode char U+01D3 (decimal 467)
   defining Unicode char U+01D4 (decimal 468)
   defining Unicode char U+01E2 (decimal 482)
   defining Unicode char U+01E3 (decimal 483)
   defining Unicode char U+01E6 (decimal 486)
   defining Unicode char U+01E7 (decimal 487)
   defining Unicode char U+01E8 (decimal 488)
   defining Unicode char U+01E9 (decimal 489)
   defining Unicode char U+01EA (decimal 490)
   defining Unicode char U+01EB (decimal 491)
   defining Unicode char U+01F0 (decimal 496)
   defining Unicode char U+01F4 (decimal 500)
   defining Unicode char U+01F5 (decimal 501)
   defining Unicode char U+0218 (decimal 536)
   defining Unicode char U+0219 (decimal 537)
   defining Unicode char U+021A (decimal 538)
   defining Unicode char U+021B (decimal 539)
   defining Unicode char U+01E02 (decimal 7682)
   defining Unicode char U+01E03 (decimal 7683)
   defining Unicode char U+200C (decimal 8204)
   defining Unicode char U+2013 (decimal 8211)
   defining Unicode char U+2014 (decimal 8212)
   defining Unicode char U+2018 (decimal 8216)
   defining Unicode char U+2019 (decimal 8217)
   defining Unicode char U+201A (decimal 8218)
   defining Unicode char U+201C (decimal 8220)
   defining Unicode char U+201D (decimal 8221)
   defining Unicode char U+201E (decimal 8222)
   defining Unicode char U+2030 (decimal 8240)
   defining Unicode char U+2031 (decimal 8241)
   defining Unicode char U+2039 (decimal 8249)
   defining Unicode char U+203A (decimal 8250)
   defining Unicode char U+2423 (decimal 9251)
)
Now handling font encoding OT1 ...
... processing UTF-8 mapping file for font encoding OT1
(/usr/share/texlive/texmf-dist/tex/latex/base/ot1enc.dfu
File: ot1enc.dfu 2015/12/03 v1.1r UTF-8 support for inputenc
   defining Unicode char U+00A0 (decimal 160)
   defining Unicode char U+00A1 (decimal 161)
   defining Unicode char U+00A3 (decimal 163)
   defining Unicode char U+00AD (decimal 173)
   defining Unicode char U+00B8 (decimal 184)
   defining Unicode char U+00BF (decimal 191)
   defining Unicode char U+00C5 (decimal 197)
   defining Unicode char U+00C6 (decimal 198)
   defining Unicode char U+00D8 (decimal 216)
   defining Unicode char U+00DF (decimal 223)
   defining Unicode char U+00E6 (decimal 230)
   defining Unicode char U+00EC (decimal 236)
   defining Unicode char U+00ED (decimal 237)
   defining Unicode char U+00EE (decimal 238)
   defining Unicode char U+00EF (decimal 239)
   defining Unicode char U+00F8 (decimal 248)
   defining Unicode char U+0131 (decimal 305)
   defining Unicode char U+0141 (decimal 321)
   defining Unicode char U+0142 (decimal 322)
   defining Unicode char U+0152 (decimal 338)
   defining Unicode char U+0153 (decimal 339)
   defining Unicode char U+0174 (decimal 372)
   defining Unicode char U+0175 (decimal 373)
   defining Unicode char U+0176 (decimal 374)
   defining Unicode char U+0177 (decimal 375)
   defining Unicode char U+0218 (decimal 536)
   defining Unicode char U+0219 (decimal 537)
   defining Unicode char U+021A (decimal 538)
   defining Unicode char U+021B (decimal 539)
   defining Unicode char U+2013 (decimal 8211)
   defining Unicode char U+2014 (decimal 8212)
   defining Unicode char U+2018 (decimal 8216)
   defining Unicode char U+2019 (decimal 8217)
   defining Unicode char U+201C (decimal 8220)
   defining Unicode char U+201D (decimal 8221)
)
Now handling font encoding OMS ...
... processing UTF-8 mapping file for font encoding OMS
(/usr/share/texlive/texmf-dist/tex/latex/base/omsenc.dfu
File: omsenc.dfu 2015/12/03 v1.1r UTF-8 support for inputenc
   defining Unicode char U+00A7 (decimal 167)
   defining Unicode char U+00B6 (decimal 182)
   defining Unicode char U+00B7 (decimal 183)
   defining Unicode char U+2020 (decimal 8224)
   defining Unicode char U+2021 (decimal 8225)
   defining Unicode char U+2022 (decimal 8226)
)
Now handling font encoding OMX ...
... no UTF-8 mapping file for font encoding OMX
Now handling font encoding U ...
... no UTF-8 mapping file for font encoding U
   defining Unicode char U+00A9 (decimal 169)
   defining Unicode char U+00AA (decimal 170)
   defining Unicode char U+00AE (decimal 174)
   defining Unicode char U+00BA (decimal 186)
   defining Unicode char U+02C6 (decimal 710)
   defining Unicode char U+02DC (decimal 732)
   defining Unicode char U+200C (decimal 8204)
   defining Unicode char U+2026 (decimal 8230)
   defining Unicode char U+2122 (decimal 8482)
   defining Unicode char U+2423 (decimal 9251)
)) (/usr/share/texlive/texmf-dist/tex/latex/base/fontenc.sty
Package: fontenc 2005/09/27 v1.99g Standard LaTeX package
(/usr/share/texlive/texmf-dist/tex/latex/base/t1enc.def
File: t1enc.def 2005/09/27 v1.99g Standard LaTeX file
LaTeX Font Info:    Redeclaring font encoding T1 on input line 48.
)) (/usr/share/texlive/texmf-dist/tex/latex/url/url.sty
\Urlmuskip=\muskip10
Package: url 2013/09/16  ver 3.4  Verb mode for urls, etc.
) (/usr/share/texlive/texmf-dist/tex/latex/setspace/setspace.sty
Package: setspace 2011/12/19 v6.7a set line spacing
) (/usr/share/texlive/texmf-dist/tex/latex/tools/xspace.sty
Package: xspace 2014/10/28 v1.13 Space after command names (DPC,MH)
) (/usr/share/texlive/texmf-dist/tex/latex/amsmath/amsmath.sty
Package: amsmath 2016/03/03 v2.15a AMS math features
\@mathmargin=\skip43
For additional information on amsmath, use the `?' option.
(/usr/share/texlive/texmf-dist/tex/latex/amsmath/amstext.sty
Package: amstext 2000/06/29 v2.01 AMS text
(/usr/share/texlive/texmf-dist/tex/latex/amsmath/amsgen.sty
File: amsgen.sty 1999/11/30 v2.0 generic functions
\@emptytoks=\toks18
\ex@=\dimen112
)) (/usr/share/texlive/texmf-dist/tex/latex/amsmath/amsbsy.sty
Package: amsbsy 1999/11/29 v1.2d Bold Symbols
\pmbraise@=\dimen113
) (/usr/share/texlive/texmf-dist/tex/latex/amsmath/amsopn.sty
Package: amsopn 1999/12/14 v2.01 operator names
)
\inf@bad=\count91
LaTeX Info: Redefining \frac on input line 199.
\uproot@=\count92
\leftroot@=\count93
LaTeX Info: Redefining \overline on input line 297.
\classnum@=\count94
\DOTSCASE@=\count95
LaTeX Info: Redefining \ldots on input line 394.
LaTeX Info: Redefining \dots on input line 397.
LaTeX Info: Redefining \cdots on input line 518.
\Mathstrutbox@=\box26
\strutbox@=\box27
\big@size=\dimen114
LaTeX Font Info:    Redeclaring font encoding OML on input line 630.
LaTeX Font Info:    Redeclaring font encoding OMS on input line 631.
\macc@depth=\count96
\c@MaxMatrixCols=\count97
\dotsspace@=\muskip11
\c@parentequation=\count98
\dspbrk@lvl=\count99
\tag@help=\toks19
\row@=\count100
\column@=\count101
\maxfields@=\count102
\andhelp@=\toks20
\eqnshift@=\dimen115
\alignsep@=\dimen116
\tagshift@=\dimen117
\tagwidth@=\dimen118
\totwidth@=\dimen119
\lineht@=\dimen120
\@envbody=\toks21
\multlinegap=\skip44
\multlinetaggap=\skip45
\mathdisplay@stack=\toks22
LaTeX Info: Redefining \[ on input line 2735.
LaTeX Info: Redefining \] on input line 2736.
) (/usr/share/texlive/texmf-dist/tex/latex/natbib/natbib.sty
Package: natbib 2010/09/13 8.31b (PWD, AO)
\bibhang=\skip46
\bibsep=\skip47
LaTeX Info: Redefining \cite on input line 694.
\c@NAT@ctr=\count103
) (./example.aux)
\openout1 = `example.aux'.

LaTeX Font Info:    Checking defaults for OML/cmm/m/it on input line 85.
LaTeX Font Info:    ... okay on input line 85.
LaTeX Font Info:    Checking defaults for T1/cmr/m/n on input line 85.
LaTeX Font Info:    ... okay on input line 85.
LaTeX Font Info:    Checking defaults for OT1/cmr/m/n on input line 85.
LaTeX Font Info:    ... okay on input line 85.
LaTeX Font Info:    Checking defaults for OMS/cmsy/m/n on input line 85.
LaTeX Font Info:    ... okay on input line 85.
LaTeX Font Info:    Checking defaults for OMX/cmex/m/n on input line 85.
LaTeX Font Info:    ... okay on input line 85.
LaTeX Font Info:    Checking defaults for U/cmr/m/n on input line 85.
LaTeX Font Info:    ... okay on input line 85.
LaTeX Font Info:    Try loading font information for T1+ptm on input line 85.
(/usr/share/texlive/texmf-dist/tex/latex/psnfss/t1ptm.fd
File: t1ptm.fd 2001/06/04 font definitions for T1/ptm.
)
*geometry* driver: auto-detecting
*geometry* detected driver: pdftex
*geometry* verbose mode - [ preamble ] result:
* driver: pdftex
* paper: a4paper
* layout: <same size as paper>
* layoutoffset:(h,v)=(0.0pt,0.0pt)
* modes: includehead includefoot 
* h-part:(L,W,R)=(71.13188pt, 455.24411pt, 71.13188pt)
* v-part:(T,H,B)=(71.13188pt, 702.78308pt, 71.13188pt)
* \paperwidth=597.50787pt
* \paperheight=845.04684pt
* \textwidth=455.24411pt
* \textheight=635.78308pt
* \oddsidemargin=-1.1381pt
* \evensidemargin=-1.1381pt
* \topmargin=-1.1381pt
* \headheight=12.0pt
* \headsep=25.0pt
* \topskip=12.0pt
* \footskip=30.0pt
* \marginparwidth=35.0pt
* \marginparsep=10.0pt
* \columnsep=10.0pt
* \skip\footins=10.8pt plus 4.0pt minus 2.0pt
* \hoffset=0.0pt
* \voffset=0.0pt
* \mag=1000
* \@twocolumnfalse
* \@twosidefalse
* \@mparswitchfalse
* \@reversemarginfalse
* (1in=72.27pt=25.4mm, 1cm=28.453pt)

(./example.bbl
LaTeX Font Info:    Font shape `T1/ptm/bx/n' in size <17.28> not available
(Font)              Font shape `T1/ptm/b/n' tried instead on input line 1.
[1

{/var/lib/texmf/fonts/map/pdftex/updmap/pdftex.map}] [2] [3] [4] [5] [6] [7] [8
] [9] [10] [11] [12] [13] [14] [15] [16] [17] [18] [19] [20] [21] [22] [23] [24
] [25] [26] [27] [28]
LaTeX Font Info:    Font shape `T1/ptm/bx/n' in size <12> not available
(Font)              Font shape `T1/ptm/b/n' tried instead on input line 2209.
[29] [30] [31] [32] [33] [34] [35] [36] [37] [38] [39] [40] [41] [42] [43] [44]
[45] [46] [47] [48] [49] [50] [51] [52] [53] [54] [55] [56] [57] [58] [59] [60]
[61] [62] [63] [64] [65] [66] [67] [68]
! Misplaced alignment tab character &.
<argument> Neural Computing &
                              Applications
l.5287 ...\textit{Neural Computing & Applications}
                                                  ,
I can't figure out why you would want to use a tab mark
here. If you just want an ampersand, the remedy is
simple: Just type `I\&' now. But if some right brace
up above has ended a previous alignment prematurely,
you're probably due for more error messages, and you
might try typing `S' now just to see what is salvageable.

[69] [70] [71]
Underfull \hbox (badness 6961) in paragraph at lines 5532--5534
[][]\T1/ptm/m/n/12 Gabler, S. (1992) Schnee-ball-ver-fah-ren und ver-wand-te St
ich-pro-ben-de-si-gns, \T1/ptm/m/it/12 ZUMA-
 []

[72] [73] [74] [75] [76] [77] [78] [79] [80] [81] [82] [83] [84] [85] [86] [87]

Underfull \hbox (badness 2293) in paragraph at lines 6796--6799
[][]\T1/ptm/m/n/12 Huang, H.-J. and W. H. K. Lam (2005) A sto-cha-stic mo-del f
or com-bi-ned ac-ti-vi-
 []

[88] [89] [90] [91] [92] [93] [94] [95] [96] [97] [98] [99] [100] [101] [102] [
103] [104] [105] [106] [107] [108] [109] [110] [111] [112] [113]
Underfull \hbox (badness 1226) in paragraph at lines 8804--8806
[][]\T1/ptm/m/n/12 Nagel, K. and M. Rickert (2001) Par-al-lel im-ple-men-ta-ti-
on of the TRAN-SIMS micro-
 []

[114] [115] [116] [117] [118] [119] [120] [121] [122] [123] [124] [125] [126] [
127] [128] [129] [130] [131] [132] [133] [134] [135] [136] [137] [138] [139] [1
40] [141] [142] [143] [144] [145] [146] [147] [148] [149] [150] [151] [152] [15
3] [154] [155] [156]
LaTeX Font Info:    Try loading font information for T1+pcr on input line 12213
.
(/usr/share/texlive/texmf-dist/tex/latex/psnfss/t1pcr.fd
File: t1pcr.fd 2001/06/04 font definitions for T1/pcr.
)
Underfull \hbox (badness 10000) in paragraph at lines 12224--12227
[][]\T1/ptm/m/n/12 MANUAL-AUTHOR (0003) \T1/ptm/m/it/12 A ty-pi-cal Ma-nu-al\T1
/ptm/m/n/12 , Swiss Fe-deral Sta-ti-sti-cal Of-fi-ce
 []


Underfull \hbox (badness 10000) in paragraph at lines 12224--12227
\T1/ptm/m/n/12 (BFS), Neucha-tel, $\T1/pcr/m/n/12 http : / / www . bfs . admin 
. ch / bfs / portal / de / index /
 []


Underfull \hbox (badness 10000) in paragraph at lines 12224--12227
\T1/pcr/m/n/12 dienstleistungen / servicestelle _ geostat / datenbeschreibung /

 []

[157]
Underfull \hbox (badness 1478) in paragraph at lines 12264--12268
\T1/ptm/m/it/12 (EVE 2004)\T1/ptm/m/n/12 , Swiss Fe-deral Sta-ti-sti-cal Of-fi-
ce (BFS), Neucha-tel, $\T1/pcr/m/n/12 http : / / www . bfs .
 []

[158]
Underfull \hbox (badness 5519) in paragraph at lines 12309--12312
[][]\T1/ptm/m/n/12 ESRI (1998) \T1/ptm/m/it/12 ES-RI Sha-pe-fi-le Tech-ni-cal D
e-s-crip-ti-on\T1/ptm/m/n/12 , En-vi-ron-men-tal Sy-stems Re-se-
 []


Underfull \hbox (badness 10000) in paragraph at lines 12360--12363
\T1/pcr/m/n/12 view / All / job / UserGuide / ws / trunk / docs / user-[]guide 
/ user-[]guide .
 []


Underfull \hbox (badness 10000) in paragraph at lines 12365--12368
\T1/pcr/m/n/12 view / All / job / UserGuide / ws / trunk / docs / user-[]guide 
/ user-[]guide .
 []

[159]
Underfull \hbox (badness 1540) in paragraph at lines 12396--12401
[][]\T1/ptm/m/n/12 Swiss Fe-deral Sta-ti-sti-cal Of-fi-ce (BFS) (2001) \T1/ptm/
m/it/12 Eid-ge-nös-si-sche Be-triebs-zäh-lung 2001 -
 []


Underfull \hbox (badness 10000) in paragraph at lines 12396--12401
\T1/ptm/m/n/12 GEO-STAT, Neucha-tel, $\T1/pcr/m/n/12 http : / / www . bfs . adm
in . ch / bfs / portal / de / index /
 []


Underfull \hbox (badness 10000) in paragraph at lines 12396--12401
\T1/pcr/m/n/12 dienstleistungen / geostat / datenbeschreibung / betriebszaehlun
g05 .
 []


Underfull \hbox (badness 10000) in paragraph at lines 12411--12416
\T1/pcr/m/n/12 http : / / www . bfs . admin . ch / bfs / portal / de / index / 
dienstleistungen /
 []


Underfull \hbox (badness 10000) in paragraph at lines 12411--12416
\T1/pcr/m/n/12 geostat / datenbeschreibung / betriebszaehlung05 . Document . 11
1423 .
 []

[160]
Underfull \hbox (badness 3000) in paragraph at lines 12450--12453
[][]\T1/ptm/m/n/12 Zivilschutz der Stadt Zü-rich (2012) \T1/ptm/m/it/12 Was-ser
-alarm Sihl-see - Aus-lö-sung durch all-ge-
 []


Underfull \hbox (badness 10000) in paragraph at lines 12450--12453
\T1/ptm/m/it/12 mei-nen Alarm\T1/ptm/m/n/12 , $\T1/pcr/m/n/12 http : / / www . 
stadt-[]zuerich . ch / content / dam / stzh / pd /
 []


Underfull \hbox (badness 10000) in paragraph at lines 12450--12453
\T1/pcr/m/n/12 Deutsch / Schutz % 20und % 20Rettung / Zivilschutz / Publikation
en %
 []

[161]
Underfull \hbox (badness 2753) in paragraph at lines 12522--12526
[][]\T1/ptm/m/n/12 Chakirov, A. (2010) Con-trol and Op-ti-mi-za-ti-on of Wave-I
nduced Mo-ti-on of Ramp-
 []

[162] [163]
Underfull \hbox (badness 1533) in paragraph at lines 12655--12657
[][]\T1/ptm/m/n/12 Neumann, A. (2008) Mo-del-lie-rung und Eva-lua-ti-on von Lic
ht-si-gnal-an-la-gen in Queue-
 []

[164]
Underfull \hbox (badness 10000) in paragraph at lines 12737--12739
[][]\T1/ptm/m/n/12 ADAC (2012) AD-AC Au-to-ko-sten 2012, web-pa-ge, $\T1/pcr/m/
n/12 https : / / www . adac . de /
 []


Underfull \hbox (badness 10000) in paragraph at lines 12749--12752
[][]\T1/ptm/m/n/12 Amt für Ver-kehr, Volks-wirt-schafts-di-rek-ti-on Kan-ton Zü
-rich (2011) Ge-samt-ver-
 []


Underfull \hbox (badness 10000) in paragraph at lines 12749--12752
\T1/ptm/m/n/12 kehrs-mo-dell, web-pa-ge, March 2011, $\T1/pcr/m/n/12 http : / /
 www . afv . zh . ch / internet /
 []


Underfull \hbox (badness 10000) in paragraph at lines 12755--12758
[][]\T1/ptm/m/n/12 Amt für Ver-kehr, Volks-wirt-schafts-di-rek-ti-on Kan-ton Zü
-rich (2012) Ge-samt-ver-
 []


Underfull \hbox (badness 10000) in paragraph at lines 12755--12758
\T1/ptm/m/n/12 kehrs-mo-dell, web-pa-ge, May 2012, $\T1/pcr/m/n/12 http : / / w
ww . afv . zh . ch / internet /
 []


Underfull \hbox (badness 10000) in paragraph at lines 12761--12764
[][]\T1/ptm/m/n/12 Amt für Ver-kehr, Volks-wirt-schafts-di-rek-ti-on Kan-ton Zü
-rich (2013) Ge-samt-ver-
 []


Underfull \hbox (badness 10000) in paragraph at lines 12761--12764
\T1/ptm/m/n/12 kehrs-mo-dell, web-pa-ge, Ju-ly 2013, $\T1/pcr/m/n/12 http : / /
 www . afv . zh . ch / internet /
 []


Underfull \hbox (badness 10000) in paragraph at lines 12771--12773
[][]\T1/ptm/m/n/12 ApplauSim (2012) Si-mu-la-ti-on of Syn-chro-ni-zed Ap-plau-s
e, web-pa-ge, $\T1/pcr/m/n/12 http :
 []


Underfull \hbox (badness 4913) in paragraph at lines 12775--12777
[][]\T1/ptm/m/n/12 ESRI (2011) Ar-c-GIS Desktop: Re-lea-se 9.3, soft-wa-re, $\T
1/pcr/m/n/12 http : / / www . esri . com /
 []


Underfull \hbox (badness 1546) in paragraph at lines 12779--12783
[][]\T1/ptm/m/n/12 ARC (2009) Activity-based tra-vel mo-del spe-ci-fi-ca-ti-ons
: Coor-di-na-ted tra-vel - re-gio-nal
 []


Underfull \hbox (badness 10000) in paragraph at lines 12779--12783
\T1/pcr/m/n/12 http : / / www . atlantaregional . com / /File % 20Library / Tra
nsportation /
 []

[165]
Underfull \hbox (badness 1048) in paragraph at lines 12800--12803
[][]\T1/ptm/m/n/12 Austroads (2012) Small tra-vel ti-me sa-vings: Treat-ment in
 pro-ject eva-lua-ti-ons, web-pa-
 []


Underfull \hbox (badness 8094) in paragraph at lines 12805--12807
[][]\T1/ptm/m/n/12 Wikipedia (2014) Au-to-ma-tic par-al-le-li-za-ti-on, web-pa-
ge, April 2014, $\T1/pcr/m/n/12 http : / / en .
 []


Underfull \hbox (badness 10000) in paragraph at lines 12805--12807
\T1/pcr/m/n/12 wikipedia . org / w / index . php ? title = Parallel _ computing
 & oldid =
 []


Underfull \hbox (badness 3895) in paragraph at lines 12814--12817
[][]\T1/ptm/m/n/12 Auto Schweiz, As-so-cia-ti-on of Swiss car im-por-ters (2009
) Sta-ti-si-ken: Per-so-nen-wa-
 []


Underfull \hbox (badness 6961) in paragraph at lines 12823--12825
[][]\T1/ptm/m/n/12 Axhausen, K. W. (2015) Ge-fan-gen im Netz?, web-pa-ge, $\T1/
pcr/m/n/12 https : / / www . ethz .
 []


Underfull \hbox (badness 10000) in paragraph at lines 12823--12825
\T1/pcr/m/n/12 ch / de / news-[]und-[]veranstaltungen / zukunftsblog / archiv /
 2015 / 02 /
 []


Underfull \hbox (badness 2626) in paragraph at lines 12827--12830
[][]\T1/ptm/m/n/12 Axhausen, K. W. (2015) Die Fahr-zeit ist ent-schei-dend -- W
is-sen-schaft-li-che Aspek-
 []


Underfull \hbox (badness 10000) in paragraph at lines 12827--12830
\T1/ptm/m/n/12 te des Ver-kehrs, web-pa-ge, $\T1/pcr/m/n/12 https : / / www . e
spazium . ch / tec21 / article /
 []


Underfull \hbox (badness 10000) in paragraph at lines 12832--12835
[][]\T1/ptm/m/n/12 Axhausen, K. W. (2015) Ele-ments of Ac-cess: Our Tra-vel is 
Cons-trai-
 []


Underfull \hbox (badness 10000) in paragraph at lines 12832--12835
\T1/ptm/m/n/12 ned, web-pa-ge, $\T1/pcr/m/n/12 http : / / transportationist . o
rg / 2015 / 04 / 20 /
 []


Underfull \hbox (badness 10000) in paragraph at lines 12843--12847
[][]\T1/ptm/m/n/12 Federal Of-fi-ce for the En-vi-ron-ment (FOEN) (2010) Ge-fah
-ren-kar-ten: Bis 2011
 []


Underfull \hbox (badness 10000) in paragraph at lines 12843--12847
\T1/ptm/m/n/12 noch gros-se An-stren-gun-gen der Kan-to-ne not-wen-dig, press r
e-lea-se, April 2010,
 []


Underfull \hbox (badness 10000) in paragraph at lines 12843--12847
\T1/pcr/m/n/12 http : / / www . bafu . admin . ch / dokumentation / medieninfor
mation /
 []

[166]
Underfull \hbox (badness 4543) in paragraph at lines 12850--12854
[][]\T1/ptm/m/n/12 Federal Of-fi-ce for the En-vi-ron-ment (FOEN) (2010) Emis-s
io-nen nach CO$[]$-Gesetz
 []


Underfull \hbox (badness 10000) in paragraph at lines 12850--12854
\T1/ptm/m/n/12 und Kyo-tot Pro-to-koll, web-pa-ge, $\T1/pcr/m/n/12 Available : 
http : / / www . news . admin . ch /
 []


Underfull \hbox (badness 3525) in paragraph at lines 12872--12875
[][]\T1/ptm/m/n/12 Swiss Fe-deral Of-fi-ce of Ener-gy (SFOE) (2009) Ener-gie-ti
-ket-te: Fahr-zeug-li-ste, web-
 []


Underfull \hbox (badness 1331) in paragraph at lines 12894--12897
[][]\T1/ptm/m/n/12 Swiss Fe-deral Sta-ti-sti-cal Of-fi-ce (BFS) (2010) Be-woh-n
er-ty-pen nach Haus-halts-merk-ma-
 []


Underfull \hbox (badness 4531) in paragraph at lines 12894--12897
\T1/ptm/m/n/12 len, web-pa-ge, $\T1/pcr/m/n/12 http : / / www . bfs . admin . c
h / bfs / portal / de / index / themen /
 []


Underfull \hbox (badness 10000) in paragraph at lines 12900--12903
\T1/pcr/m/n/12 www . bfs . admin . ch / bfs / portal / de / index / dienstleist
ungen / geostat /
 []


Underfull \hbox (badness 10000) in paragraph at lines 12905--12907
\T1/pcr/m/n/12 admin . ch / bfs / portal / de / index / infothek / nomenklature
n / blank /
 []


Underfull \hbox (badness 10000) in paragraph at lines 12910--12913
[][]\T1/ptm/m/n/12 Swiss Fe-deral Sta-ti-sti-cal Of-fi-ce (BFS) (2008) Haus-hal
ts-bud-ge-ter-he-bung, $\T1/pcr/m/n/12 http :
 []


Underfull \hbox (badness 10000) in paragraph at lines 12910--12913
\T1/pcr/m/n/12 / / www . bfs . admin . ch / bfs / portal / de / index / infothe
k / erhebungen _
 []


Underfull \hbox (badness 4391) in paragraph at lines 12920--12922
[][]\T1/ptm/m/n/12 Swiss Fe-deral Sta-ti-sti-cal Of-fi-ce (BFS) (2005) Mi-kro-z
en-sus Ver-kehr 2005, $\T1/pcr/m/n/12 http :
 []


Underfull \hbox (badness 10000) in paragraph at lines 12920--12922
\T1/pcr/m/n/12 / / www . bfs . admin . ch / bfs / portal / de / index / infothe
k / erhebungen _
 []

[167]
Underfull \hbox (badness 4391) in paragraph at lines 12925--12928
[][]\T1/ptm/m/n/12 Swiss Fe-deral Sta-ti-sti-cal Of-fi-ce (BFS) (2010) Mi-kro-z
en-sus Ver-kehr 2010, $\T1/pcr/m/n/12 http :
 []


Underfull \hbox (badness 10000) in paragraph at lines 12925--12928
\T1/pcr/m/n/12 / / www . bfs . admin . ch / bfs / portal / de / index / infothe
k / erhebungen _
 []


Underfull \hbox (badness 10000) in paragraph at lines 12950--12953
[][]\T1/ptm/m/n/12 Swiss Fe-deral Sta-ti-sti-cal Of-fi-ce (BFS) (2017) Die neue
 Volks-zäh-lung, $\T1/pcr/m/n/12 http :
 []


Underfull \hbox (badness 10000) in paragraph at lines 12950--12953
\T1/pcr/m/n/12 / / www . bfs . admin . ch / bfs / portal / de / index / dienstl
eistungen /
 []


Underfull \hbox (badness 10000) in paragraph at lines 12967--12970
\T1/pcr/m/n/12 / / www . bfs . admin . ch / bfs / portal / de / index / infothe
k / erhebungen _
 []


Underfull \hbox (badness 6125) in paragraph at lines 12976--12978
[][]\T1/ptm/m/n/12 Bivand, R. (2011) R packa-ge spdep: ver-si-on 0.5-35, soft-w
a-re, $\T1/pcr/m/n/12 http : / / cran .
 []


Underfull \hbox (badness 5741) in paragraph at lines 12980--12982
[][]\T1/ptm/m/n/12 Bivand, R. (2011) R packa-ge spg-wr: ver-si-on 0.6-10, soft-
wa-re, $\T1/pcr/m/n/12 http : / / cran .
 []


Underfull \hbox (badness 1466) in paragraph at lines 12988--12991
[][]\T1/ptm/m/n/12 Breiman, L. and A. Cut-ler (2013) Ran-dom fo-rests, web-pa-g
e, $\T1/pcr/m/n/12 http : / / stat-[]www .
 []


Underfull \hbox (badness 1389) in paragraph at lines 12988--12991
\T1/pcr/m/n/12 berkeley . edu / users / breiman / RandomForests / cc _ home . h
tm$\T1/ptm/m/n/12 . Ac-ces-sed on
 []

[168]
Underfull \hbox (badness 10000) in paragraph at lines 13006--13009
[][]\T1/ptm/m/n/12 Byrd, A. (2012) Vi-sua-li-zing ur-ban ac-ces-si-bi-li-ty wit
h Open-Trip-Plan-
 []


Underfull \hbox (badness 10000) in paragraph at lines 13006--13009
\T1/ptm/m/n/12 ner Ana-lyst, web-pa-ge, $\T1/pcr/m/n/12 http : / / blog . openp
lans . org / 2012 / 06 /
 []


Underfull \hbox (badness 10000) in paragraph at lines 13023--13026
\T1/ptm/m/n/12 ry 2011, $\T1/pcr/m/n/12 http : / / www . comparis . ch / \~ / m
edia / files / mediencorner /
 []


Underfull \hbox (badness 10000) in paragraph at lines 13023--13026
\T1/pcr/m/n/12 konsumentenstimme / ausgabe \ %202011 \ _06 / preisvergleich \
 []


Underfull \hbox (badness 1946) in paragraph at lines 13028--13031
[][]\T1/ptm/m/n/12 DDS Di-gi-tal Da-ta Ser-vices GmbH (2012) TRIP TRA-CER ^^U E
x-ak-te Er-fas-sung von
 []


Underfull \hbox (badness 1946) in paragraph at lines 13028--13031
\T1/ptm/m/n/12 Weg-strecken im Te-le-fon-in-ter-view, soft-wa-re, $\T1/pcr/m/n/
12 http : / / www . ddsgeo . de / produkte /
 []


Underfull \hbox (badness 3128) in paragraph at lines 13033--13036
[][]\T1/ptm/m/n/12 Department for Trans-port (2009) NA-TA re-fresh: Ap-prai-sal
 for a su-staina-ble trans-
 []


Underfull \hbox (badness 10000) in paragraph at lines 13033--13036
\T1/ptm/m/n/12 port sy-stem, $\T1/pcr/m/n/12 http : / / webarchive . nationalar
chives . gov . uk / + / http :
 []


Underfull \hbox (badness 10000) in paragraph at lines 13033--13036
\T1/pcr/m/n/12 /www . dft . gov . uk / consultations / archive / 2008 / consuln
atarefresh /
 []


Underfull \hbox (badness 3919) in paragraph at lines 13062--13065
\T1/ptm/m/n/12 ber 2011, $\T1/pcr/m/n/12 http : / / www . dmg . utoronto . ca /
 reports / cordoncountreports .
 []

[169]
Underfull \hbox (badness 10000) in paragraph at lines 13067--13070
\T1/ptm/m/n/12 2011, $\T1/pcr/m/n/12 http : / / www . dmg . utoronto . ca / tra
nsportationtomorrowsurvey /
 []


Underfull \hbox (badness 3849) in paragraph at lines 13072--13074
[][]\T1/ptm/m/n/12 Federal Of-fi-ce of To-po-gra-phy swis-sto-po (2012) Dhm25, 
web-pa-ge, Fe-brua-ry 2012,
 []


Underfull \hbox (badness 10000) in paragraph at lines 13072--13074
\T1/pcr/m/n/12 http : / / www . swisstopo . admin . ch / internet / swisstopo /
 de / home /
 []


Underfull \hbox (badness 7030) in paragraph at lines 13077--13080
[][]\T1/ptm/m/n/12 Office for Spa-ti-al De-ve-lop-ment of the Can-ton of Zu-ric
h (2015) Dtm gis zh,
 []


Underfull \hbox (badness 2050) in paragraph at lines 13077--13080
\T1/ptm/m/n/12 web-pa-ge, Fe-brua-ry 2015, $\T1/pcr/m/n/12 http : / / maps . zh
 . ch / ?topic = LidarZH & offlayers =
 []


Underfull \hbox (badness 10000) in paragraph at lines 13094--13096
[][]\T1/ptm/m/n/12 DYNASMART (2013) DY-NAS-MART, web-pa-ge, $\T1/pcr/m/n/12 htt
p : / / www . its . uci . edu /
 []


Underfull \hbox (badness 10000) in paragraph at lines 13098--13101
\T1/pcr/m/n/12 http : / / www . eea . europa . eu / themes / climate / ghg-[]co
untry-[]profiles /
 []


Underfull \hbox (badness 1406) in paragraph at lines 13112--13115
[][]\T1/ptm/m/n/12 SRG SSR ideé suis-se (2008) Ein-stein: Ver-kehrs-si-mu-la-ti
-on für Pla-nungs-fra-gen, te-le-vi-
 []


Underfull \hbox (badness 1308) in paragraph at lines 13112--13115
\T1/ptm/m/n/12 si-on broad-cast, May 2008, $\T1/pcr/m/n/12 http : / / www . sf 
. tv / sf1 / einstein / sendung . php ?
 []


Underfull \hbox (badness 7925) in paragraph at lines 13131--13133
[][]\T1/ptm/m/n/12 ESRI (2011) Ar-c-gis desktop: Re-lea-se 9.3, soft-wa-re, $\T
1/pcr/m/n/12 http : / / www . esri . com /
 []

[170]
Underfull \hbox (badness 3407) in paragraph at lines 13143--13145
[][]\T1/ptm/m/n/12 ETH Li-fe (2013) Ver-trau-te frem-de, web-pa-ge, $\T1/pcr/m/
n/12 http : / / www . ethlife . ethz . ch /
 []


Underfull \hbox (badness 4967) in paragraph at lines 13147--13150
[][]\T1/ptm/m/n/12 ETH (2013) ETH Su-staina-bi-li-ty Sum-mer School ``Fu-ture C
i-ties -- Net-works and
 []


Underfull \hbox (badness 10000) in paragraph at lines 13147--13150
\T1/ptm/m/n/12 Gram-mars'', web-pa-ge, $\T1/pcr/m/n/12 https : / / www . ethz .
 ch / de / die-[]eth-[]zuerich /
 []


Underfull \hbox (badness 10000) in paragraph at lines 13147--13150
\T1/pcr/m/n/12 nachhaltigkeit / aus-[]und-[]weiterbildung / sommer-[]und-[]wint
erschulen /
 []


Underfull \hbox (badness 10000) in paragraph at lines 13165--13167
[][]\T1/ptm/m/n/12 INRO (2008) EM-ME, web-pa-ge, $\T1/pcr/m/n/12 http : / / www
 . inro . ca / en / products / emme /
 []


Underfull \hbox (badness 10000) in paragraph at lines 13169--13171
[][]\T1/ptm/m/n/12 INRO (2011) EM-ME, web-pa-ge, $\T1/pcr/m/n/12 http : / / www
 . inro . ca / en / products / emme /
 []


Underfull \hbox (badness 10000) in paragraph at lines 13173--13175
[][]\T1/ptm/m/n/12 INRO (2015) EM-ME, web-pa-ge, $\T1/pcr/m/n/12 http : / / www
 . inro . ca / en / products / emme /
 []


Underfull \hbox (badness 3746) in paragraph at lines 13182--13185
[][]\T1/ptm/m/n/12 Erath, A. L. (2013) How to sol-ve the pro-blem of bus bun-ch
ing, on-li-ne ar-tic-le,
 []


Underfull \hbox (badness 10000) in paragraph at lines 13182--13185
\T1/pcr/m/n/12 http : / / www . straitstimes . com / the-[]big-[]story / case-[
]you-[]missed-[]it /
 []


Underfull \hbox (badness 7099) in paragraph at lines 13187--13190
[][]\T1/ptm/m/n/12 Federal Tax Ad-mi-ni-stra-ti-on (2006) Kar-to-gra-phi-sche D
ar-stel-lung der Ein-kom-mens-
 []


Underfull \hbox (badness 7344) in paragraph at lines 13187--13190
\T1/ptm/m/n/12 ver-tei-lung 2006, $\T1/pcr/m/n/12 http : / / www . estv2 . admi
n . ch / d / dokumentation / zahlen _
 []


Underfull \hbox (badness 10000) in paragraph at lines 13192--13194
[][]\T1/ptm/m/n/12 EUNOIA Pro-ject (2015) EU-NOIA pro-ject web-pa-ge, web-pa-ge
, $\T1/pcr/m/n/12 http : / / www .
 []


Underfull \hbox (badness 1436) in paragraph at lines 13196--13199
[][]\T1/ptm/m/n/12 Eurostat (2015) In-co-me of hou-se-hold by NUTS le-vel, web-
pa-ge, $\T1/pcr/m/n/12 http : / / appsso .
 []


Underfull \hbox (badness 10000) in paragraph at lines 13196--13199
\T1/pcr/m/n/12 eurostat . ec . europa . eu / nui / show . do ? dataset = nama _
 r _ ehh2inc & lang =
 []

[171]
Underfull \hbox (badness 10000) in paragraph at lines 13201--13204
\T1/pcr/m/n/12 eurostat / statistics-[]explained / index . php / Tourism _ stat
istics _ -[] _
 []


Underfull \hbox (badness 10000) in paragraph at lines 13242--13246
[][]\T1/ptm/m/n/12 Flügel, S., N. G. Voll and F. Bocke-mühl (2014) Prø-ves for 
ve-gnett-
 []


Underfull \hbox (badness 10000) in paragraph at lines 13242--13246
\T1/ptm/m/n/12 ver-ket i Trond-heim: Ny og bed-re me-to-de for å be-reg-ne tra-
fik-kav-vi-
 []


Underfull \hbox (badness 10000) in paragraph at lines 13242--13246
\T1/ptm/m/n/12 kling, press re-lea-se, Ju-ne 2014, $\T1/pcr/m/n/12 http : / / s
amferdsel . toi . no / nr-[]06 /
 []


Overfull \hbox (44.73062pt too wide) in paragraph at lines 13242--13246
\T1/pcr/m/n/12 ny-[]og-[]bedre-[]metode-[]for-[]a-[]beregne-[]trafikkavvikling-
[]article32606-[]1462 .
 []


Underfull \hbox (badness 1337) in paragraph at lines 13248--13251
[][]\T1/ptm/m/n/12 Fussell, E. (2006) Lea-ving New Or-leans: So-ci-al stra-ti-f
i-ca-ti-on, net-works, and hur-ri-ca-
 []

[172]
Underfull \hbox (badness 3612) in paragraph at lines 13270--13272
[][]\T1/ptm/m/n/12 GNU Pro-ject (2011) Gnu screen, web-pa-ge, May 2011, $\T1/pc
r/m/n/12 http : / / www . gnu . org /
 []


Underfull \hbox (badness 1097) in paragraph at lines 13307--13309
[][]\T1/ptm/m/n/12 Gradoteka (2015) Ex-ci-ting sta-ti-stics Sa-ma-ra ci-ty in i
n-fo-gra-phics, web-pa-ge, $\T1/pcr/m/n/12 http : / /
 []


Underfull \hbox (badness 1490) in paragraph at lines 13311--13313
[][]\T1/ptm/m/n/12 geOps (2015) Pu-blic Trans-po-ra-ti-on Feed for Swit-zer-lan
d, web-pa-ge, $\T1/pcr/m/n/12 http : / / gtfs .
 []


Underfull \hbox (badness 2452) in paragraph at lines 13315--13318
[][]\T1/ptm/m/n/12 Haklay (2012) 'no-bo-dy wants to do coun-cil estates' - di-g
i-tal di-vi-de, spa-ti-al ju-sti-
 []


Underfull \hbox (badness 6876) in paragraph at lines 13315--13318
\T1/ptm/m/n/12 ce and out-liers, web-pa-ge, $\T1/pcr/m/n/12 http : / / povesham
 . wordpress . com / 2012 / 03 / 05 /
 []


Overfull \hbox (193.73056pt too wide) in paragraph at lines 13315--13318
\T1/pcr/m/n/12 nobody-[]wants-[]to-[]do-[]council-[]estates-[]digital-[]divide-
[]spatial-[]justice-[]and-[]outliers-[]aag-[]2012/$\T1/ptm/m/n/12 . 
 []


Underfull \hbox (badness 10000) in paragraph at lines 13320--13322
[][]\T1/ptm/m/n/12 Beyer (2004) Haw-th's ana-ly-sis tools for ar-c-gis, soft-wa
-re, $\T1/pcr/m/n/12 http : / / www .
 []


Underfull \hbox (badness 1303) in paragraph at lines 13324--13327
[][]\T1/ptm/m/n/12 University of Stutt-gart (2014) De-ve-lo-ping har-mo-ni-sed 
eu-ro-pean ap-proa-ches for trans-
 []


Underfull \hbox (badness 2486) in paragraph at lines 13324--13327
\T1/ptm/m/n/12 port co-sting and pro-ject as-sessment (HEAT-CO), web-pa-ge, $\T
1/pcr/m/n/12 http : / / heatco . ier .
 []


Underfull \hbox (badness 10000) in paragraph at lines 13334--13337
[][]\T1/ptm/m/n/12 HDB (2011) HDB In-fo-Web, $\T1/pcr/m/n/12 http : / / service
s2 . hdb . gov . sg / webapp /
 []

[173]
Underfull \hbox (badness 10000) in paragraph at lines 13339--13342
[][]\T1/ptm/m/n/12 HDB (2011) HDB Up-gra-ding Pro-gram-mes, $\T1/pcr/m/n/12 htt
p : / / www . hdb . gov . sg / fi10 /
 []


Underfull \hbox (badness 1205) in paragraph at lines 13409--13412
\T1/ptm/m/n/12 For-Parking Si-mu-la-ti-on pu-blis-hed on github.com, soft-wa-re
, $\T1/pcr/m/n/12 https : / / github . com /
 []

[174]
Underfull \hbox (badness 10000) in paragraph at lines 13435--13437
[][]\T1/ptm/m/n/12 MathWorks (2012) MAT-LAB R2012b (Ver-si-on 8.0), soft-wa-re,
 $\T1/pcr/m/n/12 http : / / www .
 []


Underfull \hbox (badness 4518) in paragraph at lines 13459--13461
[][]\T1/ptm/m/n/12 MATSim (2012) Mul-ti Agent Trans-por-ta-ti-on Si-mu-la-ti-on
, web-pa-ge, $\T1/pcr/m/n/12 http : / / www .
 []


Underfull \hbox (badness 6708) in paragraph at lines 13463--13465
[][]\T1/ptm/m/n/12 MATSim (2013) Multi-Agent Trans-por-ta-ti-on Si-mu-la-ti-on,
 web-pa-ge, $\T1/pcr/m/n/12 http : / / www .
 []


Underfull \hbox (badness 6708) in paragraph at lines 13467--13469
[][]\T1/ptm/m/n/12 MATSim (2014) Multi-Agent Trans-por-ta-ti-on Si-mu-la-ti-on,
 web-pa-ge, $\T1/pcr/m/n/12 http : / / www .
 []


Underfull \hbox (badness 6708) in paragraph at lines 13471--13473
[][]\T1/ptm/m/n/12 MATSim (2015) Multi-Agent Trans-por-ta-ti-on Si-mu-la-ti-on,
 web-pa-ge, $\T1/pcr/m/n/12 http : / / www .
 []


Underfull \hbox (badness 6708) in paragraph at lines 13475--13477
[][]\T1/ptm/m/n/12 MATSim (2016) Multi-Agent Trans-por-ta-ti-on Si-mu-la-ti-on,
 web-pa-ge, $\T1/pcr/m/n/12 http : / / www .
 []


Underfull \hbox (badness 6708) in paragraph at lines 13479--13481
[][]\T1/ptm/m/n/12 MATSim (2017) Multi-Agent Trans-por-ta-ti-on Si-mu-la-ti-on,
 web-pa-ge, $\T1/pcr/m/n/12 http : / / www .
 []

[175]
Underfull \hbox (badness 10000) in paragraph at lines 13546--13548
[][]\T1/ptm/m/n/12 MATSim-T (2008) Ex-amp-les MAT-Sim, web-pa-ge, $\T1/pcr/m/n/
12 http : / / www . matsim . org /
 []


Underfull \hbox (badness 10000) in paragraph at lines 13550--13552
[][]\T1/ptm/m/n/12 MATSim-T (2015) Ex-amp-les MAT-Sim, web-pa-ge, $\T1/pcr/m/n/
12 http : / / www . matsim . org /
 []

[176]
Underfull \hbox (badness 10000) in paragraph at lines 13554--13556
[][]\T1/ptm/m/n/12 MATSim (2013) MAT-Sim sce-na-ri-os, web-pa-ge, $\T1/pcr/m/n/
12 http : / / www . matsim . org /
 []


Underfull \hbox (badness 10000) in paragraph at lines 13558--13560
[][]\T1/ptm/m/n/12 MATSim (2014) MAT-Sim sce-na-ri-os, web-pa-ge, $\T1/pcr/m/n/
12 http : / / www . matsim . org /
 []


Underfull \hbox (badness 10000) in paragraph at lines 13562--13564
[][]\T1/ptm/m/n/12 MATSim (2015) MAT-Sim sce-na-ri-os, web-pa-ge, $\T1/pcr/m/n/
12 http : / / www . matsim . org /
 []


Underfull \hbox (badness 2717) in paragraph at lines 13586--13589
[][]\T1/ptm/m/n/12 Medical Dai-ly (2013) So-ci-al Net-works Bet-ween 'Fa-mi-li-
ar Stran-gers' Could Pre-dict
 []


Overfull \hbox (243.63054pt too wide) in paragraph at lines 13586--13589
\T1/pcr/m/n/12 social-[]networks-[]between-[]familiar-[]strangers-[]could-[]pre
dict-[]how-[]diseases-[]spread-[]urban-[]areas-[]247931$\T1/ptm/m/n/12 . 
 []


Overfull \hbox (25.63063pt too wide) in paragraph at lines 13595--13598
\T1/pcr/m/n/12 the-[]science-[]of-[]familiar-[]strangers-[]societys-[]hidden-[]
social-[]network/$\T1/ptm/m/n/12 . 
 []


Underfull \hbox (badness 10000) in paragraph at lines 13600--13602
[][]\T1/ptm/m/n/12 MITSIM (2006) MIT-SIM-Lab, web-pa-ge, $\T1/pcr/m/n/12 http :
 / / www . web . mit . edu / its /
 []

[177]
Underfull \hbox (badness 10000) in paragraph at lines 13628--13630
[][]\T1/ptm/m/n/12 MPI-Forum (2008) Mes-sa-ge Pas-sing In-ter-face Fo-rum, web-
pa-ge, $\T1/pcr/m/n/12 http : / / www .
 []


Underfull \hbox (badness 2173) in paragraph at lines 13632--13635
[][]\T1/ptm/m/n/12 Tele At-las Mul-ti-Net (2010) Mul-ti-Net: The most po-wer-fu
l map da-ta-ba-se ever built,
 []


Underfull \hbox (badness 10000) in paragraph at lines 13637--13641
\T1/ptm/m/n/12 ge, $\T1/pcr/m/n/12 http : / / licensing . tomtom . com / OurPro
ducts / MapData / Multinet /
 []


Underfull \hbox (badness 10000) in paragraph at lines 13672--13674
[][]\T1/ptm/m/n/12 Novatlantis (2010) Nach-hal-tig-keit im ETH Be-reich, web-pa
-ge, $\T1/pcr/m/n/12 http : / / www .
 []


Underfull \hbox (badness 2635) in paragraph at lines 13676--13679
\T1/pcr/m/n/12 gov . uk / government / statistics / national-[]travel-[]survey-
[]2014$\T1/ptm/m/n/12 . Ac-ces-
 []


Underfull \hbox (badness 4940) in paragraph at lines 13681--13684
[][]\T1/ptm/m/n/12 IFSTTAR (2016) French na-tio-nal tra-vel sur-vey: 2008, web-
pa-ge, $\T1/pcr/m/n/12 http : / / http :
 []


Underfull \hbox (badness 10000) in paragraph at lines 13681--13684
\T1/pcr/m/n/12 / / www . statistiques . developpement-[]durable . gouv . fr / t
ransports / s /
 []

[178]
Underfull \hbox (badness 2221) in paragraph at lines 13687--13691
[][]\T1/ptm/m/n/12 Bureau of Trans-por-ta-ti-on Sta-ti-stics (2016) Na-tio-nal 
trans-por-ta-ti-on sta-tist-cs, web-pa-ge,
 []


Underfull \hbox (badness 10000) in paragraph at lines 13687--13691
\T1/pcr/m/n/12 http : / / www . rita . dot . gov / bts / sites / rita . dot . g
ov . bts / files /
 []


Underfull \hbox (badness 10000) in paragraph at lines 13687--13691
\T1/pcr/m/n/12 publications / national _ transportation _ statistics / index . 
html$\T1/ptm/m/n/12 .
 []


Underfull \hbox (badness 10000) in paragraph at lines 13702--13705
[][]\T1/ptm/m/n/12 OECD (2012) OECD Tou-rism Trends and Po-li-cies 2012, web-pa
-ge,
 []


Underfull \hbox (badness 10000) in paragraph at lines 13702--13705
\T1/pcr/m/n/12 http : / / www . oecd-[]ilibrary . org / industry-[]and-[]servic
es /
 []


Underfull \hbox (badness 10000) in paragraph at lines 13702--13705
\T1/pcr/m/n/12 oecd-[]tourism-[]trends-[]and-[]policies-[]2012 _ tour-[]2012-[]
en$\T1/ptm/m/n/12 . Ac-ces-sed
 []


Underfull \hbox (badness 10000) in paragraph at lines 13707--13709
[][]\T1/ptm/m/n/12 BMVI (2012) Oe-ster-reich Un-ter-wegs, web-pa-ge, $\T1/pcr/m
/n/12 http : / / www .
 []


Underfull \hbox (badness 10000) in paragraph at lines 13711--13713
[][]\T1/ptm/m/n/12 Omnitrans In-ter-na-tio-nal (2011) Om-ni-TRANS, web-pa-ge, $
\T1/pcr/m/n/12 http : / / www .
 []


Underfull \hbox (badness 10000) in paragraph at lines 13711--13713
\T1/pcr/m/n/12 omnitrans-[]international . com / en / products / omnitrans /
 []


Underfull \hbox (badness 10000) in paragraph at lines 13723--13725
[][]\T1/ptm/m/n/12 OpenStreetMap (2011) The Free Wi-ki World Map, web-pa-ge, $\
T1/pcr/m/n/12 http : / / www .
 []


Underfull \hbox (badness 10000) in paragraph at lines 13727--13729
[][]\T1/ptm/m/n/12 OpenStreetMap (2015) The Free Wi-ki World Map, web-pa-ge, $\
T1/pcr/m/n/12 http : / / www .
 []


Underfull \hbox (badness 10000) in paragraph at lines 13736--13739
[][]\T1/ptm/m/n/12 ORACLE (2014) Ja-va Soft-wa-re, web-pa-ge, $\T1/pcr/m/n/12 h
ttp : / / www . oracle . com / us /
 []


Underfull \hbox (badness 1496) in paragraph at lines 13745--13747
[][]\T1/ptm/m/n/12 PCATS (2011) Activity-travel si-mu-la-tor PCATS, web-pa-ge, 
$\T1/pcr/m/n/12 http : / / trans . kuciv .
 []

[179]
Underfull \hbox (badness 1496) in paragraph at lines 13749--13751
[][]\T1/ptm/m/n/12 PCATS (2013) Activity-travel si-mu-la-tor PCATS, web-pa-ge, 
$\T1/pcr/m/n/12 http : / / trans . kuciv .
 []


Underfull \hbox (badness 5954) in paragraph at lines 13762--13765
[][]\T1/ptm/m/n/12 PopGen web-si-te (2010) web-pa-ge, May 2010, $\T1/pcr/m/n/12
 http : / / urbanmodel . asu . edu /
 []


Underfull \hbox (badness 1325) in paragraph at lines 13772--13774
[][]\T1/ptm/m/n/12 POSDAP (2012) Po-si-ti-on Da-ta Pro-ces-sing, web-pa-ge, $\T
1/pcr/m/n/12 http : / / sourceforge . net /
 []


Underfull \hbox (badness 10000) in paragraph at lines 13785--13787
[][]\T1/ptm/m/n/12 Wikipedia (2014) Power5 mi-cro-pro-ces-sor, web-pa-ge, April
 2014, $\T1/pcr/m/n/12 http : / / en .
 []


Underfull \hbox (badness 10000) in paragraph at lines 13789--13791
[][]\T1/ptm/m/n/12 PROCEDURAL (2011) PRO-CE-DU-RAL, web-pa-ge, Ju-ly 2011, $\T1
/pcr/m/n/12 http : / / www .
 []

[180]
Underfull \hbox (badness 10000) in paragraph at lines 13846--13849
\T1/pcr/m/n/12 http : / / www . saldo . ch / themen / beitrag / 1014712 / Detai
lhandel \ _-[] \
 []


Underfull \hbox (badness 1796) in paragraph at lines 13851--13854
\T1/ptm/m/n/12 web-pa-ge, $\T1/pcr/m/n/12 http : / / www . culturechange . org 
/ issue8 / traffic \ %20expands .
 []


Underfull \hbox (badness 1043) in paragraph at lines 13865--13868
[][]\T1/ptm/m/n/12 Science World Re-port (2013) Se-cret net-work of fa-mi-li-ar
 stran-gers un-co-ver-ed, web-pa-
 []


Underfull \hbox (badness 10000) in paragraph at lines 13865--13868
\T1/ptm/m/n/12 ge, $\T1/pcr/m/n/12 http : / / www . scienceworldreport . com / 
articles / 8650 / 20130806 /
 []


Underfull \hbox (badness 2951) in paragraph at lines 13870--13873
[][]\T1/ptm/m/n/12 Scientific Ame-ri-can (2013) Sin-ga-po-re Bus Stu-dy Re-veal
s Hid-den So-ci-al Net-works,
 []


Underfull \hbox (badness 10000) in paragraph at lines 13870--13873
\T1/ptm/m/n/12 web-pa-ge, $\T1/pcr/m/n/12 http : / / www . scientificamerican .
 com / article . cfm ? id =
 []


Underfull \hbox (badness 1742) in paragraph at lines 13883--13885
[][]\T1/ptm/m/n/12 senozon AG (2012) via -- vi-sua-li-za-ti-on and ana-ly-sis t
ool, web-pa-ge, $\T1/pcr/m/n/12 http : / / www .
 []


Underfull \hbox (badness 1742) in paragraph at lines 13887--13889
[][]\T1/ptm/m/n/12 senozon AG (2013) via -- vi-sua-li-za-ti-on and ana-ly-sis t
ool, web-pa-ge, $\T1/pcr/m/n/12 http : / / www .
 []

[181]
Underfull \hbox (badness 1990) in paragraph at lines 13903--13905
[][]\T1/ptm/m/n/12 SfSB (2006) Se-nats-ver-wal-tung für stadt-ent-wick-lung ber
-lin, web-pa-ge, $\T1/pcr/m/n/12 http : / / www .
 []


Underfull \hbox (badness 10000) in paragraph at lines 13907--13910
[][]\T1/ptm/m/n/12 Department of Sta-ti-stics (2010) Cen-sus of po-pu-la-ti-on 
2010 - ad-mi-ni-stra-ti-
 []


Underfull \hbox (badness 10000) in paragraph at lines 13907--13910
\T1/ptm/m/n/12 ve re-port, web-pa-ge, $\T1/pcr/m/n/12 http : / / www . singstat
 . gov . sg / publications /
 []


Underfull \hbox (badness 10000) in paragraph at lines 13912--13914
[][]\T1/ptm/m/n/12 SLAB (2006) Sta-ti-sti-sches lan-des-amt ber-lin, web-pa-ge,
 $\T1/pcr/m/n/12 http : / / www .
 []


Underfull \hbox (badness 10000) in paragraph at lines 13954--13956
[][]\T1/ptm/m/n/12 Streetdirectory (2011) Street-di-rec-to-ry Sin-ga-po-re, web
-pa-ge, $\T1/pcr/m/n/12 http : / / www .
 []

[182]
Underfull \hbox (badness 10000) in paragraph at lines 13958--13960
[][]\T1/ptm/m/n/12 Streetdirectory (2011) Street-di-rec-to-ry Sin-ga-po-re, web
-pa-ge, $\T1/pcr/m/n/12 http : / / www .
 []


Underfull \hbox (badness 10000) in paragraph at lines 13979--13981
[][]\T1/ptm/m/n/12 Swissinfo.ch (2013) Com-mu-ters ge-ne-ra-te close-knit so-ci
-al net-work, web-pa-ge,
 []


Underfull \hbox (badness 10000) in paragraph at lines 13979--13981
\T1/pcr/m/n/12 http : / / www . swissinfo . ch / eng / science _ technology / C
ommuters _
 []


Underfull \hbox (badness 2173) in paragraph at lines 13983--13987
\T1/ptm/m/n/12 DHL, web-pa-ge, $\T1/pcr/m/n/12 http : / / media . cgd . swissre
 . com / documents / Challenges _
 []


Underfull \hbox (badness 4168) in paragraph at lines 13990--13992
[][]\T1/ptm/m/n/12 Swiss Fe-deral Ar-chi-ves (2013) Swiss open go-ver-n-ment da
-ta, web-pa-ge, $\T1/pcr/m/n/12 http : / /
 []


Underfull \hbox (badness 10000) in paragraph at lines 14002--14005
[][]\T1/ptm/m/n/12 Tagesanzeiger, Pia Wert-hei-mer (2013) Wes-halb es zum grös-
sten Stau in Zü-
 []


Underfull \hbox (badness 10000) in paragraph at lines 14002--14005
\T1/ptm/m/n/12 rich kam, April 2013, $\T1/pcr/m/n/12 http : / / www . tagesanze
iger . ch / zuerich / stadt /
 []


Underfull \hbox (badness 2261) in paragraph at lines 14014--14016
[][]\T1/ptm/m/n/12 TfL (2006) Trans-port for Lon-don - Con-ge-sti-on char-ging,
 web-pa-ge, $\T1/pcr/m/n/12 http : / / www .
 []


Underfull \hbox (badness 10000) in paragraph at lines 14018--14021
[][]\T1/ptm/m/n/12 The At-lan-tic Ci-ties (2013) Now We Can Ac-tual-ly Count
 []


Underfull \hbox (badness 10000) in paragraph at lines 14018--14021
\T1/ptm/m/n/12 and Track the 'Fa-mi-li-ar Stran-gers' in Our Li-ves, web-pa-ge,

 []


Underfull \hbox (badness 10000) in paragraph at lines 14018--14021
\T1/pcr/m/n/12 http : / / www . theatlanticcities . com / commute / 2013 / 07 /

 []


Overfull \hbox (23.63063pt too wide) in paragraph at lines 14018--14021
\T1/pcr/m/n/12 now-[]we-[]can-[]actually-[]count-[]and-[]track-[]familiar-[]str
angers-[]our-[]lives /
 []

[183]
Underfull \hbox (badness 10000) in paragraph at lines 14023--14025
[][]\T1/ptm/m/n/12 The At-lan-tic Wi-re (2013) The 'Fa-mi-li-ar Stran-ger' Is Y
our Fri-end, web-
 []


Underfull \hbox (badness 10000) in paragraph at lines 14023--14025
\T1/ptm/m/n/12 pa-ge, $\T1/pcr/m/n/12 http : / / www . theatlanticwire . com / 
national / 2013 / 07 /
 []


Overfull \hbox (45.73062pt too wide) in paragraph at lines 14023--14025
\T1/pcr/m/n/12 man-[]bus-[]your-[]familiar-[]stranger-[]heres-[]why-[]you-[]sho
uld-[]be-[]thankful-[]him /
 []


Underfull \hbox (badness 3525) in paragraph at lines 14031--14034
[][]\T1/ptm/m/n/12 The Straits Ti-mes (2013) Nothing ran-dom about 'fa-mi-li-ar
 stran-gers': Stu-dy, web-
 []


Underfull \hbox (badness 10000) in paragraph at lines 14036--14039
[][]\T1/ptm/m/n/12 PAEXCO (2011) Di-rec-to-ry of top schools in Sin-ga-po-re, w
eb-pa-ge, $\T1/pcr/m/n/12 http :
 []


Underfull \hbox (badness 1117) in paragraph at lines 14053--14055
[][]\T1/ptm/m/n/12 TRANSIMS (2007) TRAN-SIMS Open Sour-ce Pro-ject Si-te, web-p
a-ge, $\T1/pcr/m/n/12 http : / / www .
 []


Underfull \hbox (badness 7344) in paragraph at lines 14061--14063
[][]\T1/ptm/m/n/12 SimTRAVEL (2013) TRAN-SIMS Ap-p-li-ca-ti-on and De-ploy-ment
, web-pa-ge, $\T1/pcr/m/n/12 http :
 []


Underfull \hbox (badness 10000) in paragraph at lines 14061--14063
\T1/pcr/m/n/12 / / simtravel . wikispaces . asu . edu / TRANSIMS + Application 
+ and +
 []


Underfull \hbox (badness 2913) in paragraph at lines 14065--14067
[][]\T1/ptm/m/n/12 FHWA (2013) TRAN-SIMS Back-ground, web-pa-ge, $\T1/pcr/m/n/1
2 http : / / www . fhwa . dot . gov /
 []


Underfull \hbox (badness 10000) in paragraph at lines 14077--14079
[][]\T1/ptm/m/n/12 Caliper (2013) Trans-mo-de-ler, web-pa-ge, $\T1/pcr/m/n/12 h
ttp : / / www . caliper . com /
 []

[184]
Underfull \hbox (badness 10000) in paragraph at lines 14122--14125
\T1/pcr/m/n/12 http : / / esa . un . org / marrakechprocess / pdf / davos _ rep
 _ advan _ summ _
 []


Underfull \hbox (badness 4569) in paragraph at lines 14145--14147
[][]\T1/ptm/m/n/12 UrbanSim (2010) Open Plat-form for Ur-ban Si-mu-la-ti-on, we
b-pa-ge, $\T1/pcr/m/n/12 http : / / www .
 []


Underfull \hbox (badness 4569) in paragraph at lines 14149--14151
[][]\T1/ptm/m/n/12 UrbanSim (2011) Open Plat-form for Ur-ban Si-mu-la-ti-on, we
b-pa-ge, $\T1/pcr/m/n/12 http : / / www .
 []

[185]
Underfull \hbox (badness 3128) in paragraph at lines 14153--14155
[][]\T1/ptm/m/n/12 UrbanVision (2012) Ur-ban-vi-si-on ho-me, soft-wa-re, $\T1/p
cr/m/n/12 http : / / www . cs . purdue . edu /
 []


Underfull \hbox (badness 10000) in paragraph at lines 14178--14180
[][]\T1/ptm/m/n/12 PTV (2011) VI-SUM, web-pa-ge, $\T1/pcr/m/n/12 http : / / www
 . ptvag . com /
 []


Underfull \hbox (badness 10000) in paragraph at lines 14178--14180
\T1/pcr/m/n/12 software / transportation-[]planning-[]traffic-[]engineering /
 []


Underfull \hbox (badness 10000) in paragraph at lines 14211--14213
[][]\T1/ptm/m/n/12 Eclipse (2014) Win-dow-Buil-der, web-pa-ge, $\T1/pcr/m/n/12 
http : / / www . eclipse . org /
 []


Underfull \hbox (badness 1661) in paragraph at lines 14215--14218
[][]\T1/ptm/m/n/12 Wired.co.uk (2013) Stu-dy ex-ami-nes the ro-le of 'fa-mi-li-
ar stran-gers' on pu-blic trans-
 []


Underfull \hbox (badness 10000) in paragraph at lines 14215--14218
\T1/ptm/m/n/12 port, web-pa-ge, $\T1/pcr/m/n/12 http : / / www . wired . co . u
k / news / archive / 2013-[]07 / 11 /
 []

[186]
Underfull \hbox (badness 1783) in paragraph at lines 14221--14224
[][]\T1/ptm/m/n/12 Statistical Of-fi-ce of the Can-ton Zu-rich (2011) Woh-nun-g
en nach bau-pe-ri-ode, web-pa-
 []


Underfull \hbox (badness 10000) in paragraph at lines 14227--14230
\T1/ptm/m/n/12 web-pa-ge, $\T1/pcr/m/n/12 http : / / www . statistik . zh . ch 
/ themenportal / themen / daten _
 []


Underfull \hbox (badness 10000) in paragraph at lines 14246--14248
\T1/pcr/m/n/12 yandex . ru / researches / reports / 2013 / city _ jams / city _
 jams _ 2013 .
 []


Underfull \hbox (badness 10000) in paragraph at lines 14259--14261
\T1/pcr/m/n/12 repository / prospekte _ und _ broschueren / corporate / studien
 / studie _
 []

[187] [188] [189] [190]
Underfull \hbox (badness 2951) in paragraph at lines 14538--14540
[][]\T1/ptm/m/n/12 Kopp, J. (2015) GPS-gestützte Eva-lua-ti-on des Mo-bi-li-tät
s-ver-hal-tens von free-floating
 []

[191] [192] [193] [194] [195] [196] [197] [198] [199] [200] [201] [202] [203] [
204] [205] [206] [207] [208] [209] [210] [211]
Underfull \hbox (badness 3302) in paragraph at lines 16137--16142
[][]\T1/ptm/m/n/12 Hobeika, A. G. (2005) TRAN-SIMS fun-da-men-tals: Chap-ter 3:
 Po-pu-la-ti-on syn-the-si-
 []


Underfull \hbox (badness 2980) in paragraph at lines 16137--16142
\T1/ptm/m/n/12 zer, \T1/ptm/m/it/12 Tech-ni-cal Re-port\T1/ptm/m/n/12 , Vir-gi-
nia Po-ly-tech-nic Uni-ver-si-ty, Vir-gi-nia, Ju-ly 2005. $\T1/pcr/m/n/12 http 
:
 []


Underfull \hbox (badness 10000) in paragraph at lines 16137--16142
\T1/pcr/m/n/12 / / tmip . fhwa . dot . gov / resources / clearinghouse / docs /
 transims _
 []

[212] [213]
Underfull \hbox (badness 1558) in paragraph at lines 16246--16248
[][]\T1/ptm/m/n/12 IVT (2008) Hin-wei-se für die Er-stel-lung von stu-den-ti-sc
hen Be-rich-ten, \T1/ptm/m/it/12 Ar-beits-be-rich-te
 []

[214] [215] [216] [217] [218] [219] [220] [221] [222] [223] [224] [225] [226] [
227]
Underfull \hbox (badness 7451) in paragraph at lines 17399--17402
[][]\T1/ptm/m/n/12 VSS (2010) Gan-g-li-ni-en-ty-pen und durch-schnitt-li-cher w
erk-täg-li-cher Ver-kehr, \T1/ptm/m/it/12 Norm\T1/ptm/m/n/12 ,
 []


Underfull \hbox (badness 5091) in paragraph at lines 17419--17422
[][]\T1/ptm/m/n/12 VSS (1992) Pro-jek-tie-rung, Grund-la-gen - Stras-sen-typ: H
och-lei-stungs-stras-sen, \T1/ptm/m/it/12 Norm\T1/ptm/m/n/12 ,
 []


Underfull \hbox (badness 4556) in paragraph at lines 17424--17427
[][]\T1/ptm/m/n/12 VSS (1992) Pro-jek-tie-rung, Grund-la-gen - Stras-sen-typ: H
aupt-ver-kehrs-stras-sen, \T1/ptm/m/it/12 Norm\T1/ptm/m/n/12 ,
 []


Underfull \hbox (badness 8170) in paragraph at lines 17429--17432
[][]\T1/ptm/m/n/12 VSS (1992) Pro-jek-tie-rung, Grund-la-gen - Stras-sen-typ: V
er-bin-dungs-stras-sen, \T1/ptm/m/it/12 Norm\T1/ptm/m/n/12 ,
 []

[228]
Underfull \hbox (badness 4266) in paragraph at lines 17439--17442
[][]\T1/ptm/m/n/12 VSS (1992) Pro-jek-tie-rung, Grund-la-gen - Stras-sen-typ: E
r-schlies-sungs-stras-sen, \T1/ptm/m/it/12 Norm\T1/ptm/m/n/12 ,
 []


Underfull \hbox (badness 6842) in paragraph at lines 17506--17509
[][]\T1/ptm/m/n/12 VSS (forth-co-ming) Betriebs- und Un-ter-halts-ko-sten von S
tras-sen-fahr-zeu-gen, \T1/ptm/m/it/12 Norm\T1/ptm/m/n/12 ,
 []

[229] [230] [231] [232] [233] [234] [235] [236] [237] [238]
Underfull \hbox (badness 2393) in paragraph at lines 18198--18202
[][]\T1/ptm/m/n/12 Hess, S., A. L. Erath and K. W. Ax-hau-sen (2008) Zeit-wer-t
e im Per-so-nen-ver-kehr:
 []

[239] [240] [241] [242] [243] [244] [245] [246] [247] [248] [249] [250] [251] [
252]
Underfull \hbox (badness 2376) in paragraph at lines 19233--19237
[][]\T1/ptm/m/n/12 Bürgle, M. (2007) Syn-the-se von Haus-halts-da-ten für den K
an-ton Zü-rich, $\T1/pcr/m/n/12 http : / /
 []

[253] [254] [255] [256] [257] [258] [259] [260] [261] [262] [263] [264] [265] [
266] [267] [268] [269] [270] [271] [272] [273] [274]
Underfull \hbox (badness 1389) in paragraph at lines 20859--20862
[][]\T1/ptm/m/n/12 Ben-Akiva, M. E., M. S. Ram-ming and S. Bek-hor (2004) Rou-t
e choi-ce mo-dels, in
 []

[275] [276] [277] [278] [279] [280] [281] [282] [283] [284] [285] [286] [287] [
288] [289] [290] [291] [292] [293] [294] [295] [296] [297] [298] [299] [300] [3
01] [302] [303] [304] [305] [306] [307] [308] [309] [310] [311] [312] [313] [31
4] [315] [316] [317] [318] [319] [320] [321] [322] [323] [324] [325] [326] [327
] [328] [329] [330] [331] [332] [333] [334] [335] [336] [337] [338] [339] [340]
[341] [342] [343] [344] [345] [346] [347] [348] [349] [350] [351] [352] [353] [
354] [355] [356] [357] [358] [359] [360] [361] [362] [363] [364] [365] [366] [3
67] [368] [369]) [370] (./example.aux) ) 
Here is how much of TeX's memory you used:
 18286 strings out of 493029
 506762 string characters out of 6136235
 354970 words of memory out of 5000000
 21774 multiletter control sequences out of 15000+600000
 31351 words of font info for 49 fonts, out of 8000000 for 9000
 1141 hyphenation exceptions out of 8191
 27i,6n,28p,448b,10436s stack positions out of 5000i,500n,10000p,200000b,80000s
{/usr/share/texlive/texmf-dist/fonts/en
c/dvips/base/8r.enc}</usr/share/texlive/texmf-dist/fonts/type1/public/amsfonts/
cm/cmmi12.pfb></usr/share/texlive/texmf-dist/fonts/type1/public/amsfonts/cm/cmm
i8.pfb></usr/share/texlive/texmf-dist/fonts/type1/public/amsfonts/cm/cmr12.pfb>
</usr/share/texlive/texmf-dist/fonts/type1/public/amsfonts/cm/cmr8.pfb></usr/sh
are/texlive/texmf-dist/fonts/type1/urw/courier/ucrr8a.pfb></usr/share/texlive/t
exmf-dist/fonts/type1/urw/times/utmb8a.pfb></usr/share/texlive/texmf-dist/fonts
/type1/urw/times/utmr8a.pfb></usr/share/texlive/texmf-dist/fonts/type1/urw/time
s/utmri8a.pfb>
Output written on example.pdf (370 pages, 984803 bytes).
PDF statistics:
 1231 PDF objects out of 1440 (max. 8388607)
 842 compressed objects within 9 object streams
 0 named destinations out of 1000 (max. 500000)
 1 words of extra memory for PDF output out of 10000 (max. 10000000)

